#
# There is insufficient memory for the Java Runtime Environment to continue.
# Native memory allocation (malloc) failed to allocate 78643200 bytes for committing reserved memory.
# Possible reasons:
#   The system is out of physical RAM or swap space
#   In 32 bit mode, the process size limit was hit
# Possible solutions:
#   Reduce memory load on the system
#   Increase physical memory or swap space
#   Check if swap backing store is full
#   Use 64 bit Java on a 64 bit OS
#   Decrease Java heap size (-Xmx/-Xms)
#   Decrease number of Java threads
#   Decrease Java thread stack sizes (-Xss)
#   Set larger code cache with -XX:ReservedCodeCacheSize=
# This output file may be truncated or incomplete.
#
#  Out of Memory Error (os_linux.cpp:2769), pid=14502, tid=1880095552
#
# JRE version: OpenJDK Runtime Environment (7.0_55-b14) (build 1.7.0_55-b14)
# Java VM: OpenJDK Server VM (24.51-b03 mixed mode linux-x86 )
# Failed to write core dump. Core dumps have been disabled. To enable core dumping, try "ulimit -c unlimited" before starting Java again
#

---------------  T H R E A D  ---------------

Current thread (0x70188c00):  VMThread [stack: 0x7007f000,0x70100000] [id=14510]

Stack: [0x7007f000,0x70100000]
VM_Operation (0xb659aff8): ParallelGCFailedAllocation, mode: safepoint, requested by thread 0xb6409400


---------------  P R O C E S S  ---------------

Java Threads: ( => current thread )
  0x6c259400 JavaThread "com.projeto.clp.Papel.data" daemon [_thread_blocked, id=14564, stack(0x6c9af000,0x6ca00000)]
  0x69fbdc00 JavaThread "net.sf.ehcache.CacheManager@16faa87" daemon [_thread_blocked, id=14563, stack(0x6e25e000,0x6e2af000)]
  0x69e09400 JavaThread "PoolCleaner[29512874:1403983449559]" daemon [_thread_blocked, id=14562, stack(0x6e53e000,0x6e58f000)]
  0x6c0b6800 JavaThread "FileSystemWatcher: files=#250 cl=groovy.lang.GroovyClassLoader@1c254aa" daemon [_thread_blocked, id=14527, stack(0x6e58f000,0x6e5e0000)]
  0x6d70f800 JavaThread "NonBlockingInputStreamThread" daemon [_thread_blocked, id=14523, stack(0x6f100000,0x6f151000)]
  0x6f9abc00 JavaThread "Service Thread" daemon [_thread_blocked, id=14516, stack(0x6f82e000,0x6f87f000)]
  0x6f9a9c00 JavaThread "C2 CompilerThread1" daemon [_thread_blocked, id=14515, stack(0x6f87f000,0x6f900000)]
  0x6f9b0400 JavaThread "C2 CompilerThread0" daemon [_thread_blocked, id=14514, stack(0x6fa1c000,0x6fa9d000)]
  0x7019ec00 JavaThread "Signal Dispatcher" daemon [_thread_blocked, id=14513, stack(0x6feaf000,0x6ff00000)]
  0x7018d000 JavaThread "Finalizer" daemon [_thread_blocked, id=14512, stack(0x7002e000,0x7007f000)]
  0x7018b800 JavaThread "Reference Handler" daemon [_thread_blocked, id=14511, stack(0x70200000,0x70251000)]
  0xb6409400 JavaThread "main" [_thread_blocked, id=14503, stack(0xb654f000,0xb65a0000)]

Other Threads:
=>0x70188c00 VMThread [stack: 0x7007f000,0x70100000] [id=14510]
  0x6f9b7000 WatcherThread [stack: 0x6f7ad000,0x6f82e000] [id=14517]

VM state:at safepoint (normal execution)

VM Mutex/Monitor currently owned by a thread:  ([mutex/lock_event])
[0xb6406748] ExpandHeap_lock - owner thread: 0x70188c00
[0xb6406c90] Threads_lock - owner thread: 0x70188c00
[0xb64070a0] Heap_lock - owner thread: 0xb6409400

Heap
 PSYoungGen      total 225280K, used 0K [0xa32c0000, 0xb3000000, 0xb32c0000)
  eden space 190720K, 0% used [0xa32c0000,0xa32c0000,0xaed00000)
  from space 34560K, 0% used [0xb0e00000,0xb0e00000,0xb2fc0000)
  to   space 33792K, 0% used [0xaed00000,0xaed00000,0xb0e00000)
 ParOldGen       total 103424K, used 103254K [0x832c0000, 0x897c0000, 0xa32c0000)
  object space 103424K, 99% used [0x832c0000,0x89795968,0x897c0000)
 PSPermGen       total 48384K, used 42557K [0x732c0000, 0x76200000, 0x832c0000)
  object space 48384K, 87% used [0x732c0000,0x75c4f510,0x76200000)

Card table byte_map: [0x730bf000,0x732c0000] byte_map_base: 0x72d25a00

Polling page: 0xb772c000

Code Cache  [0xb33b7000, 0xb39af000, 0xb63b7000)
 total_blobs=1703 nmethods=1296 adapters=357 free_code_cache=43135Kb largest_free_block=44073024

Compilation events (10 events):
Event: 214,103 Thread 0x6f9a9c00 nmethod 1445 0xb3547bc8 code [0xb3547ca0, 0xb3547d10]
Event: 214,155 Thread 0x6f9a9c00 1446             groovyjarjarasm.asm.ClassWriter::newUTF8 (70 bytes)
Event: 214,244 Thread 0x6f9a9c00 nmethod 1446 0xb38e59c8 code [0xb38e5b60, 0xb38e61b8]
Event: 214,244 Thread 0x6f9a9c00 1447 %           java.beans.Introspector::getTargetEventInfo @ 243 (1090 bytes)
Event: 214,286 Thread 0x6f9b0400 nmethod 1444% 0xb3994b48 code [0xb39955a0, 0xb399a304]
Event: 214,286 Thread 0x6f9b0400 1448             org.springframework.beans.factory.support.DefaultListableBeanFactory::resetBeanDefinition (89 bytes)
Event: 214,307 Thread 0x6f9b0400 nmethod 1448 0xb3987848 code [0xb39879e0, 0xb39881f8]
Event: 214,309 Thread 0x6f9b0400 1449             com.sun.beans.TypeResolver::resolve (37 bytes)
Event: 214,313 Thread 0x6f9b0400 nmethod 1449 0xb3980548 code [0xb3980660, 0xb398085c]
Event: 214,414 Thread 0x6f9a9c00 nmethod 1447% 0xb39a1e08 code [0xb39a27a0, 0xb39a6830]

GC Heap History (10 events):
Event: 205,469 GC heap after
Heap after GC invocations=36 (full 2):
 PSYoungGen      total 219648K, used 12032K [0xa32c0000, 0xb32c0000, 0xb32c0000)
  eden space 180992K, 0% used [0xa32c0000,0xa32c0000,0xae380000)
  from space 38656K, 31% used [0xb0880000,0xb1440340,0xb2e40000)
  to   space 37888K, 0% used [0xae380000,0xae380000,0xb0880000)
 ParOldGen       total 103424K, used 68876K [0x832c0000, 0x897c0000, 0xa32c0000)
  object space 103424K, 66% used [0x832c0000,0x87603118,0x897c0000)
 PSPermGen       total 48384K, used 38611K [0x732c0000, 0x76200000, 0x832c0000)
  object space 48384K, 79% used [0x732c0000,0x75874da8,0x76200000)
}
Event: 207,344 GC heap before
{Heap before GC invocations=37 (full 2):
 PSYoungGen      total 219648K, used 190242K [0xa32c0000, 0xb32c0000, 0xb32c0000)
  eden space 180992K, 98% used [0xa32c0000,0xae0c8598,0xae380000)
  from space 38656K, 31% used [0xb0880000,0xb1440340,0xb2e40000)
  to   space 37888K, 0% used [0xae380000,0xae380000,0xb0880000)
 ParOldGen       total 103424K, used 68876K [0x832c0000, 0x897c0000, 0xa32c0000)
  object space 103424K, 66% used [0x832c0000,0x87603118,0x897c0000)
 PSPermGen       total 48384K, used 39323K [0x732c0000, 0x76200000, 0x832c0000)
  object space 48384K, 81% used [0x732c0000,0x75926cc8,0x76200000)
Event: 207,399 GC heap after
Heap after GC invocations=37 (full 2):
 PSYoungGen      total 218880K, used 15300K [0xa32c0000, 0xb2f00000, 0xb32c0000)
  eden space 180992K, 0% used [0xa32c0000,0xa32c0000,0xae380000)
  from space 37888K, 40% used [0xae380000,0xaf271298,0xb0880000)
  to   space 36352K, 0% used [0xb0b80000,0xb0b80000,0xb2f00000)
 ParOldGen       total 103424K, used 70497K [0x832c0000, 0x897c0000, 0xa32c0000)
  object space 103424K, 68% used [0x832c0000,0x87798640,0x897c0000)
 PSPermGen       total 48384K, used 39323K [0x732c0000, 0x76200000, 0x832c0000)
  object space 48384K, 81% used [0x732c0000,0x75926cc8,0x76200000)
}
Event: 209,763 GC heap before
{Heap before GC invocations=38 (full 2):
 PSYoungGen      total 218880K, used 196292K [0xa32c0000, 0xb2f00000, 0xb32c0000)
  eden space 180992K, 100% used [0xa32c0000,0xae380000,0xae380000)
  from space 37888K, 40% used [0xae380000,0xaf271298,0xb0880000)
  to   space 36352K, 0% used [0xb0b80000,0xb0b80000,0xb2f00000)
 ParOldGen       total 103424K, used 70497K [0x832c0000, 0x897c0000, 0xa32c0000)
  object space 103424K, 68% used [0x832c0000,0x87798640,0x897c0000)
 PSPermGen       total 48384K, used 40365K [0x732c0000, 0x76200000, 0x832c0000)
  object space 48384K, 83% used [0x732c0000,0x75a2b7a0,0x76200000)
Event: 209,806 GC heap after
Heap after GC invocations=38 (full 2):
 PSYoungGen      total 222464K, used 21532K [0xa32c0000, 0xb3040000, 0xb32c0000)
  eden space 186112K, 0% used [0xa32c0000,0xa32c0000,0xae880000)
  from space 36352K, 59% used [0xb0b80000,0xb2087138,0xb2f00000)
  to   space 35840K, 0% used [0xae880000,0xae880000,0xb0b80000)
 ParOldGen       total 103424K, used 70796K [0x832c0000, 0x897c0000, 0xa32c0000)
  object space 103424K, 68% used [0x832c0000,0x877e31f0,0x897c0000)
 PSPermGen       total 48384K, used 40365K [0x732c0000, 0x76200000, 0x832c0000)
  object space 48384K, 83% used [0x732c0000,0x75a2b7a0,0x76200000)
}
Event: 212,081 GC heap before
{Heap before GC invocations=39 (full 2):
 PSYoungGen      total 222464K, used 207644K [0xa32c0000, 0xb3040000, 0xb32c0000)
  eden space 186112K, 100% used [0xa32c0000,0xae880000,0xae880000)
  from space 36352K, 59% used [0xb0b80000,0xb2087138,0xb2f00000)
  to   space 35840K, 0% used [0xae880000,0xae880000,0xb0b80000)
 ParOldGen       total 103424K, used 70796K [0x832c0000, 0x897c0000, 0xa32c0000)
  object space 103424K, 68% used [0x832c0000,0x877e31f0,0x897c0000)
 PSPermGen       total 48384K, used 41294K [0x732c0000, 0x76200000, 0x832c0000)
  object space 48384K, 85% used [0x732c0000,0x75b139a0,0x76200000)
Event: 212,127 GC heap after
Heap after GC invocations=39 (full 2):
 PSYoungGen      total 221952K, used 16271K [0xa32c0000, 0xb2fc0000, 0xb32c0000)
  eden space 186112K, 0% used [0xa32c0000,0xa32c0000,0xae880000)
  from space 35840K, 45% used [0xae880000,0xaf863ec0,0xb0b80000)
  to   space 34560K, 0% used [0xb0e00000,0xb0e00000,0xb2fc0000)
 ParOldGen       total 103424K, used 79924K [0x832c0000, 0x897c0000, 0xa32c0000)
  object space 103424K, 77% used [0x832c0000,0x880cd3c0,0x897c0000)
 PSPermGen       total 48384K, used 41294K [0x732c0000, 0x76200000, 0x832c0000)
  object space 48384K, 85% used [0x732c0000,0x75b139a0,0x76200000)
}
Event: 214,428 GC heap before
{Heap before GC invocations=40 (full 2):
 PSYoungGen      total 221952K, used 202383K [0xa32c0000, 0xb2fc0000, 0xb32c0000)
  eden space 186112K, 100% used [0xa32c0000,0xae880000,0xae880000)
  from space 35840K, 45% used [0xae880000,0xaf863ec0,0xb0b80000)
  to   space 34560K, 0% used [0xb0e00000,0xb0e00000,0xb2fc0000)
 ParOldGen       total 103424K, used 79924K [0x832c0000, 0x897c0000, 0xa32c0000)
  object space 103424K, 77% used [0x832c0000,0x880cd3c0,0x897c0000)
 PSPermGen       total 48384K, used 42564K [0x732c0000, 0x76200000, 0x832c0000)
  object space 48384K, 87% used [0x732c0000,0x75c51078,0x76200000)
Event: 214,476 GC heap after
Heap after GC invocations=40 (full 2):
 PSYoungGen      total 225280K, used 12877K [0xa32c0000, 0xb3000000, 0xb32c0000)
  eden space 190720K, 0% used [0xa32c0000,0xa32c0000,0xaed00000)
  from space 34560K, 37% used [0xb0e00000,0xb1a93750,0xb2fc0000)
  to   space 33792K, 0% used [0xaed00000,0xaed00000,0xb0e00000)
 ParOldGen       total 103424K, used 91574K [0x832c0000, 0x897c0000, 0xa32c0000)
  object space 103424K, 88% used [0x832c0000,0x88c2db00,0x897c0000)
 PSPermGen       total 48384K, used 42564K [0x732c0000, 0x76200000, 0x832c0000)
  object space 48384K, 87% used [0x732c0000,0x75c51078,0x76200000)
}
Event: 214,476 GC heap before
{Heap before GC invocations=41 (full 3):
 PSYoungGen      total 225280K, used 12877K [0xa32c0000, 0xb3000000, 0xb32c0000)
  eden space 190720K, 0% used [0xa32c0000,0xa32c0000,0xaed00000)
  from space 34560K, 37% used [0xb0e00000,0xb1a93750,0xb2fc0000)
  to   space 33792K, 0% used [0xaed00000,0xaed00000,0xb0e00000)
 ParOldGen       total 103424K, used 91574K [0x832c0000, 0x897c0000, 0xa32c0000)
  object space 103424K, 88% used [0x832c0000,0x88c2db00,0x897c0000)
 PSPermGen       total 48384K, used 42564K [0x732c0000, 0x76200000, 0x832c0000)
  object space 48384K, 87% used [0x732c0000,0x75c51078,0x76200000)

Deoptimization events (10 events):
Event: 212,649 Thread 0xb6409400 Uncommon trap: reason=unloaded action=reinterpret pc=0xb37b8660 method=org.springframework.core.BridgeMethodResolver.findBridgedMethod(Ljava/lang/reflect/Method;)Ljava/lang/reflect/Method; @ 13
Event: 212,649 Thread 0xb6409400 Uncommon trap: reason=unreached action=reinterpret pc=0xb359fcd0 method=org.springframework.core.BridgeMethodResolver.findBridgedMethod(Ljava/lang/reflect/Method;)Ljava/lang/reflect/Method; @ 1
Event: 212,668 Thread 0xb6409400 Uncommon trap: reason=class_check action=maybe_recompile pc=0xb3641254 method=java.util.AbstractList$Itr.hasNext()Z @ 8
Event: 212,668 Thread 0xb6409400 Uncommon trap: reason=class_check action=maybe_recompile pc=0xb364ca3c method=java.util.AbstractList$Itr.next()Ljava/lang/Object; @ 14
Event: 212,864 Thread 0xb6409400 Uncommon trap: reason=array_check action=maybe_recompile pc=0xb37c66ac method=java.util.TimSort.mergeHi(IIII)V @ 91
Event: 213,056 Thread 0xb6409400 Uncommon trap: reason=class_check action=maybe_recompile pc=0xb35d0e14 method=com.sun.beans.TypeResolver.resolve(Ljava/lang/reflect/Type;Ljava/lang/reflect/Type;)Ljava/lang/reflect/Type; @ 215
Event: 213,057 Thread 0xb6409400 Uncommon trap: reason=class_check action=maybe_recompile pc=0xb35d0e14 method=com.sun.beans.TypeResolver.resolve(Ljava/lang/reflect/Type;Ljava/lang/reflect/Type;)Ljava/lang/reflect/Type; @ 215
Event: 213,812 Thread 0xb6409400 Uncommon trap: reason=unreached action=reinterpret pc=0xb36c8438 method=org.springframework.beans.factory.support.AbstractAutowireCapableBeanFactory.predictBeanType(Ljava/lang/String;Lorg/springframework/beans/factory/support/RootBeanDefinition;[Ljava/lan
Event: 214,306 Thread 0xb6409400 Uncommon trap: reason=unreached action=reinterpret pc=0xb36d37fc method=groovy.lang.MetaClassImpl$1MOPIter.methodNameAction(Ljava/lang/Class;Lorg/codehaus/groovy/runtime/metaclass/MetaMethodIndex$Entry;)V @ 259
Event: 214,308 Thread 0xb6409400 Uncommon trap: reason=class_check action=maybe_recompile pc=0xb35d0e14 method=com.sun.beans.TypeResolver.resolve(Ljava/lang/reflect/Type;Ljava/lang/reflect/Type;)Ljava/lang/reflect/Type; @ 215

Internal exceptions (10 events):
Event: 214,356 Thread 0xb6409400 Threw 0xae7b92b0 at /build/buildd/openjdk-7-7u55-2.4.7/build/openjdk/hotspot/src/share/vm/prims/jvm.cpp:1244
Event: 214,357 Thread 0xb6409400 Threw 0xae7bc8b0 at /build/buildd/openjdk-7-7u55-2.4.7/build/openjdk/hotspot/src/share/vm/prims/jvm.cpp:1244
Event: 214,357 Thread 0xb6409400 Threw 0xae7ce128 at /build/buildd/openjdk-7-7u55-2.4.7/build/openjdk/hotspot/src/share/vm/prims/jvm.cpp:1244
Event: 214,357 Thread 0xb6409400 Threw 0xae7e4ca8 at /build/buildd/openjdk-7-7u55-2.4.7/build/openjdk/hotspot/src/share/vm/prims/jvm.cpp:1244
Event: 214,357 Thread 0xb6409400 Threw 0xae7e82a8 at /build/buildd/openjdk-7-7u55-2.4.7/build/openjdk/hotspot/src/share/vm/prims/jvm.cpp:1244
Event: 214,357 Thread 0xb6409400 Threw 0xae7f9b20 at /build/buildd/openjdk-7-7u55-2.4.7/build/openjdk/hotspot/src/share/vm/prims/jvm.cpp:1244
Event: 214,358 Thread 0xb6409400 Threw 0xae80f100 at /build/buildd/openjdk-7-7u55-2.4.7/build/openjdk/hotspot/src/share/vm/classfile/systemDictionary.cpp:185
Event: 214,359 Thread 0xb6409400 Threw 0xae8213f0 at /build/buildd/openjdk-7-7u55-2.4.7/build/openjdk/hotspot/src/share/vm/prims/jvm.cpp:1244
Event: 214,410 Thread 0xb6409400 Threw 0xae83afa8 at /build/buildd/openjdk-7-7u55-2.4.7/build/openjdk/hotspot/src/share/vm/prims/jvm.cpp:1244
Event: 214,410 Thread 0xb6409400 Threw 0xae83d9f8 at /build/buildd/openjdk-7-7u55-2.4.7/build/openjdk/hotspot/src/share/vm/prims/jvm.cpp:1244

Events (10 events):
Event: 214,356 loading class 0x6b70d1d8 done
Event: 214,357 loading class 0x6b70d1d8
Event: 214,357 loading class 0x6b70d1d8 done
Event: 214,358 loading class 0x6b70d1d8
Event: 214,358 loading class 0x6b70d1d8 done
Event: 214,359 loading class 0x6c566a80
Event: 214,359 loading class 0x6c566a80 done
Event: 214,410 loading class 0x6c0f38a0
Event: 214,410 loading class 0x6c0f38a0 done
Event: 214,428 Executing VM operation: ParallelGCFailedAllocation


Dynamic libraries:
08048000-08049000 r-xp 00000000 08:07 1571633    /usr/lib/jvm/java-7-openjdk-i386/jre/bin/java
08049000-0804a000 r--p 00000000 08:07 1571633    /usr/lib/jvm/java-7-openjdk-i386/jre/bin/java
0804a000-0804b000 rw-p 00001000 08:07 1571633    /usr/lib/jvm/java-7-openjdk-i386/jre/bin/java
09ade000-09b83000 rw-p 00000000 00:00 0          [heap]
69400000-695e4000 rw-p 00000000 00:00 0 
695e4000-69600000 ---p 00000000 00:00 0 
69600000-69800000 rw-p 00000000 00:00 0 
69800000-69900000 rw-p 00000000 00:00 0 
69c00000-69c35000 rw-p 00000000 00:00 0 
69c35000-69d00000 ---p 00000000 00:00 0 
69d00000-69e00000 rw-p 00000000 00:00 0 
69e00000-69efe000 rw-p 00000000 00:00 0 
69efe000-69f00000 ---p 00000000 00:00 0 
69f00000-69ffe000 rw-p 00000000 00:00 0 
69ffe000-6a000000 ---p 00000000 00:00 0 
6a000000-6a100000 rw-p 00000000 00:00 0 
6a200000-6a400000 rw-p 00000000 00:00 0 
6a400000-6a600000 rw-p 00000000 00:00 0 
6a600000-6a800000 rw-p 00000000 00:00 0 
6a800000-6aa00000 rw-p 00000000 00:00 0 
6aa00000-6ac00000 rw-p 00000000 00:00 0 
6ac00000-6ad00000 rw-p 00000000 00:00 0 
6ad00000-6ae00000 rw-p 00000000 00:00 0 
6ae00000-6b000000 rw-p 00000000 00:00 0 
6b000000-6b200000 rw-p 00000000 00:00 0 
6b200000-6b400000 rw-p 00000000 00:00 0 
6b400000-6b500000 rw-p 00000000 00:00 0 
6b600000-6b6fe000 rw-p 00000000 00:00 0 
6b6fe000-6b700000 ---p 00000000 00:00 0 
6b700000-6b7fe000 rw-p 00000000 00:00 0 
6b7fe000-6b800000 ---p 00000000 00:00 0 
6b800000-6b8f0000 rw-p 00000000 00:00 0 
6b8f0000-6b900000 ---p 00000000 00:00 0 
6b900000-6b9fa000 rw-p 00000000 00:00 0 
6b9fa000-6ba00000 ---p 00000000 00:00 0 
6ba00000-6bc00000 rw-p 00000000 00:00 0 
6bc00000-6be00000 rw-p 00000000 00:00 0 
6be00000-6beff000 rw-p 00000000 00:00 0 
6beff000-6bf00000 ---p 00000000 00:00 0 
6bf00000-6bffb000 rw-p 00000000 00:00 0 
6bffb000-6c000000 ---p 00000000 00:00 0 
6c000000-6c0fd000 rw-p 00000000 00:00 0 
6c0fd000-6c100000 ---p 00000000 00:00 0 
6c200000-6c2ff000 rw-p 00000000 00:00 0 
6c2ff000-6c300000 ---p 00000000 00:00 0 
6c300000-6c3fe000 rw-p 00000000 00:00 0 
6c3fe000-6c400000 ---p 00000000 00:00 0 
6c400000-6c4fe000 rw-p 00000000 00:00 0 
6c4fe000-6c500000 ---p 00000000 00:00 0 
6c500000-6c5ff000 rw-p 00000000 00:00 0 
6c5ff000-6c600000 ---p 00000000 00:00 0 
6c600000-6c6fc000 rw-p 00000000 00:00 0 
6c6fc000-6c700000 ---p 00000000 00:00 0 
6c700000-6c800000 rw-p 00000000 00:00 0 
6c800000-6c8fd000 rw-p 00000000 00:00 0 
6c8fd000-6c900000 ---p 00000000 00:00 0 
6c95e000-6c961000 ---p 00000000 00:00 0 
6c961000-6c9af000 rw-p 00000000 00:00 0 
6c9af000-6c9b2000 ---p 00000000 00:00 0 
6c9b2000-6ca00000 rw-p 00000000 00:00 0          [stack:14564]
6ca00000-6cbd0000 rw-p 00000000 00:00 0 
6cbd0000-6cc00000 ---p 00000000 00:00 0 
6cc00000-6ce00000 rw-p 00000000 00:00 0 
6ce00000-6d000000 rw-p 00000000 00:00 0 
6d000000-6d200000 rw-p 00000000 00:00 0 
6d200000-6d400000 rw-p 00000000 00:00 0 
6d400000-6d600000 rw-p 00000000 00:00 0 
6d600000-6d7ff000 rw-p 00000000 00:00 0 
6d7ff000-6d800000 ---p 00000000 00:00 0 
6d800000-6d8ff000 rw-p 00000000 00:00 0 
6d8ff000-6d900000 ---p 00000000 00:00 0 
6d900000-6d9fb000 rw-p 00000000 00:00 0 
6d9fb000-6da00000 ---p 00000000 00:00 0 
6da00000-6db00000 rw-p 00000000 00:00 0 
6db00000-6dcf9000 rw-p 00000000 00:00 0 
6dcf9000-6dd00000 ---p 00000000 00:00 0 
6dd00000-6de00000 rw-p 00000000 00:00 0 
6de00000-6df00000 rw-p 00000000 00:00 0 
6df00000-6e000000 rw-p 00000000 00:00 0 
6e000000-6e0fc000 rw-p 00000000 00:00 0 
6e0fc000-6e100000 ---p 00000000 00:00 0 
6e100000-6e1fa000 rw-p 00000000 00:00 0 
6e1fa000-6e200000 ---p 00000000 00:00 0 
6e20d000-6e210000 ---p 00000000 00:00 0 
6e210000-6e25e000 rw-p 00000000 00:00 0 
6e25e000-6e261000 ---p 00000000 00:00 0 
6e261000-6e2af000 rw-p 00000000 00:00 0          [stack:14563]
6e2af000-6e2b2000 ---p 00000000 00:00 0 
6e2b2000-6e300000 rw-p 00000000 00:00 0 
6e300000-6e4ff000 rw-p 00000000 00:00 0 
6e4ff000-6e500000 ---p 00000000 00:00 0 
6e51c000-6e521000 r-xp 00000000 08:07 1178407    /lib/i386-linux-gnu/libnss_dns-2.19.so
6e521000-6e522000 r--p 00004000 08:07 1178407    /lib/i386-linux-gnu/libnss_dns-2.19.so
6e522000-6e523000 rw-p 00005000 08:07 1178407    /lib/i386-linux-gnu/libnss_dns-2.19.so
6e523000-6e525000 r-xp 00000000 08:07 1178415    /lib/i386-linux-gnu/libnss_mdns4_minimal.so.2
6e525000-6e526000 r--p 00001000 08:07 1178415    /lib/i386-linux-gnu/libnss_mdns4_minimal.so.2
6e526000-6e527000 rw-p 00002000 08:07 1178415    /lib/i386-linux-gnu/libnss_mdns4_minimal.so.2
6e528000-6e533000 r--s 00203000 08:07 1571422    /usr/lib/jvm/java-7-openjdk-i386/jre/lib/charsets.jar
6e533000-6e53e000 r--s 00203000 08:07 1571422    /usr/lib/jvm/java-7-openjdk-i386/jre/lib/charsets.jar
6e53e000-6e541000 ---p 00000000 00:00 0 
6e541000-6e58f000 rw-p 00000000 00:00 0          [stack:14562]
6e58f000-6e592000 ---p 00000000 00:00 0 
6e592000-6e5e0000 rw-p 00000000 00:00 0          [stack:14527]
6e5e0000-6e5e9000 r--s 000b9000 08:07 1571443    /usr/lib/jvm/java-7-openjdk-i386/jre/lib/resources.jar
6e5e9000-6e5f5000 r--s 00070000 08:08 7209765    /home/clovis/.m2/repository/org/spockframework/spock-core/0.7-groovy-2.0/spock-core-0.7-groovy-2.0.jar
6e5f5000-6e600000 r--s 00065000 08:08 7340533    /home/clovis/.m2/repository/org/springframework/spring-test/3.2.6.RELEASE/spring-test-3.2.6.RELEASE.jar
6e600000-6e700000 rw-p 00000000 00:00 0 
6e700000-6e7f5000 rw-p 00000000 00:00 0 
6e7f5000-6e800000 ---p 00000000 00:00 0 
6e803000-6e808000 r--s 00046000 08:08 7340538    /home/clovis/.m2/repository/org/grails/grails-test/2.3.5/grails-test-2.3.5.jar
6e808000-6e80a000 r--s 00009000 08:08 7209766    /home/clovis/.m2/repository/org/hamcrest/hamcrest-core/1.3/hamcrest-core-1.3.jar
6e80a000-6e811000 r--s 00065000 08:08 7340529    /home/clovis/.m2/repository/org/grails/grails-plugin-testing/2.3.5/grails-plugin-testing-2.3.5.jar
6e811000-6e814000 r--s 00012000 08:08 7209922    /home/clovis/.m2/repository/javax/servlet/javax.servlet-api/3.0.1/javax.servlet-api-3.0.1.jar
6e814000-6e817000 r--s 00018000 08:08 6554356    /home/clovis/workspaces/grails/fuzzy-adventure/lib/modbus4J.jar
6e817000-6e820000 r--s 00058000 08:08 6554357    /home/clovis/workspaces/grails/fuzzy-adventure/lib/seroUtils.jar
6e820000-6e831000 r--s 000d2000 08:08 7340573    /home/clovis/.m2/repository/org/liquibase/liquibase-core/2.0.5/liquibase-core-2.0.5.jar
6e831000-6e834000 r--s 0000f000 08:08 7340571    /home/clovis/.m2/repository/org/hibernate/hibernate-commons-annotations/3.2.0.Final/hibernate-commons-annotations-3.2.0.Final.jar
6e834000-6e835000 r--s 00002000 08:08 7340570    /home/clovis/.m2/repository/org/hibernate/hibernate-ehcache/3.6.10.Final/hibernate-ehcache-3.6.10.Final.jar
6e835000-6e83f000 r--s 0005f000 08:08 7340569    /home/clovis/.m2/repository/org/hibernate/hibernate-entitymanager/3.6.10.Final/hibernate-entitymanager-3.6.10.Final.jar
6e83f000-6e843000 r--s 00033000 08:08 7340565    /home/clovis/.m2/repository/org/grails/grails-datastore-gorm-hibernate-core/2.0.7.RELEASE/grails-datastore-gorm-hibernate-core-2.0.7.RELEASE.jar
6e843000-6e848000 r--s 00048000 08:08 7340563    /home/clovis/.m2/repository/dom4j/dom4j/1.6.1/dom4j-1.6.1.jar
6e848000-6e84f000 r--s 00040000 08:08 7340561    /home/clovis/.m2/repository/org/hibernate/hibernate-validator/4.1.0.Final/hibernate-validator-4.1.0.Final.jar
6e84f000-6e864000 r--s 000e3000 08:08 7340559    /home/clovis/.m2/repository/net/sf/ehcache/ehcache-core/2.4.6/ehcache-core-2.4.6.jar
6e864000-6e896000 r--s 002c9000 08:08 7340557    /home/clovis/.m2/repository/org/hibernate/hibernate-core/3.6.10.Final/hibernate-core-3.6.10.Final.jar
6e896000-6e89f000 r--s 00056000 08:08 7340556    /home/clovis/.m2/repository/org/springframework/spring-orm/3.2.6.RELEASE/spring-orm-3.2.6.RELEASE.jar
6e89f000-6e8a1000 r--s 00009000 08:08 7340551    /home/clovis/.m2/repository/org/grails/grails-datastore-gorm-plugin-support/2.0.7.RELEASE/grails-datastore-gorm-plugin-support-2.0.7.RELEASE.jar
6e8a1000-6e8a4000 r--s 00009000 08:08 7340549    /home/clovis/.m2/repository/javax/validation/validation-api/1.0.0.GA/validation-api-1.0.0.GA.jar
6e8a4000-6e8a9000 r--s 00068000 08:08 7340547    /home/clovis/.m2/repository/antlr/antlr/2.7.7/antlr-2.7.7.jar
6e8a9000-6e8af000 r--s 0004b000 08:08 7340537    /home/clovis/.m2/repository/org/grails/grails-datastore-gorm-hibernate/2.0.7.RELEASE/grails-datastore-gorm-hibernate-2.0.7.RELEASE.jar
6e8af000-6e8b6000 r--s 00040000 08:08 7210253    /home/clovis/.m2/repository/cglib/cglib/2.2.2/cglib-2.2.2.jar
6e8b6000-6e8bf000 r--s 00044000 08:08 7340577    /home/clovis/.m2/repository/org/springframework/security/spring-security-web/3.2.0.RC1/spring-security-web-3.2.0.RC1.jar
6e8bf000-6e8ca000 r--s 0004b000 08:08 7340575    /home/clovis/.m2/repository/org/springframework/security/spring-security-core/3.2.0.RC1/spring-security-core-3.2.0.RC1.jar
6e8ca000-6e8cd000 r--s 0007b000 08:08 7340543    /home/clovis/.m2/repository/org/grails/grails-resources/2.3.5/grails-resources-2.3.5.jar
6e8cd000-6e8da000 r--s 00174000 08:08 7340540    /home/clovis/.m2/repository/com/h2database/h2/1.3.173/h2-1.3.173.jar
6e8da000-6e8e3000 r--s 000a5000 08:08 7340535    /home/clovis/.m2/repository/org/javassist/javassist/3.17.1-GA/javassist-3.17.1-GA.jar
6e8e3000-6e8ed000 r--s 00051000 08:08 7210258    /home/clovis/.m2/repository/org/grails/grails-datastore-core/2.0.7.RELEASE/grails-datastore-core-2.0.7.RELEASE.jar
6e8ed000-6e8f1000 r--s 00021000 08:08 7210257    /home/clovis/.m2/repository/org/grails/grails-plugin-converters/2.3.5/grails-plugin-converters-2.3.5.jar
6e8f1000-6e8f7000 r--s 0004c000 08:08 7210254    /home/clovis/.m2/repository/org/grails/grails-datastore-simple/2.0.7.RELEASE/grails-datastore-simple-2.0.7.RELEASE.jar
6e8f7000-6e900000 r--s 00079000 08:08 7210247    /home/clovis/.m2/repository/org/grails/grails-datastore-gorm/2.0.7.RELEASE/grails-datastore-gorm-2.0.7.RELEASE.jar
6e900000-6e9f9000 rw-p 00000000 00:00 0 
6e9f9000-6ea00000 ---p 00000000 00:00 0 
6ea00000-6ea01000 r--s 00000000 08:08 7340553    /home/clovis/.m2/repository/org/grails/grails-datastore-web/2.0.7.RELEASE/grails-datastore-web-2.0.7.RELEASE.jar
6ea01000-6ea02000 r--s 00003000 08:08 7210261    /home/clovis/.m2/repository/javax/transaction/jta/1.1/jta-1.1.jar
6ea02000-6ea05000 r--s 00018000 08:08 7210252    /home/clovis/.m2/repository/org/grails/grails-plugin-domain-class/2.3.5/grails-plugin-domain-class-2.3.5.jar
6ea05000-6ea0b000 r--s 00036000 08:08 7209768    /home/clovis/.m2/repository/junit/junit/4.11/junit-4.11.jar
6ea0b000-6ea0d000 r--s 0000c000 08:08 7340531    /home/clovis/.m2/repository/org/grails/grails-plugin-mimetypes/2.3.5/grails-plugin-mimetypes-2.3.5.jar
6ea0d000-6ea0f000 r--s 00011000 08:08 7210248    /home/clovis/.m2/repository/org/grails/grails-async/2.3.5/grails-async-2.3.5.jar
6ea0f000-6ea10000 r--s 0000e000 08:08 7210246    /home/clovis/.m2/repository/org/codehaus/jsr166-mirror/jsr166y/1.7.0/jsr166y-1.7.0.jar
6ea10000-6ea16000 r--s 00037000 08:08 7210245    /home/clovis/.m2/repository/org/multiverse/multiverse-core/0.7.0/multiverse-core-0.7.0.jar
6ea16000-6ea32000 r--s 00134000 08:08 7210244    /home/clovis/.m2/repository/org/codehaus/gpars/gpars/1.1.0/gpars-1.1.0.jar
6ea32000-6ea34000 r--s 0000d000 08:08 7340507    /home/clovis/.m2/repository/org/grails/grails-plugin-async/2.3.5/grails-plugin-async-2.3.5.jar
6ea34000-6ea37000 r--s 0000b000 08:08 7210240    /home/clovis/.m2/repository/com/googlecode/concurrentlinkedhashmap/concurrentlinkedhashmap-lru/1.3.1/concurrentlinkedhashmap-lru-1.3.1.jar
6ea37000-6ea3a000 r--s 00025000 08:08 7210238    /home/clovis/.m2/repository/commons-io/commons-io/2.1/commons-io-2.1.jar
6ea3a000-6ea3d000 r--s 00025000 08:08 7340526    /home/clovis/.m2/repository/org/grails/grails-plugin-url-mappings/2.3.5/grails-plugin-url-mappings-2.3.5.jar
6ea3d000-6ea3f000 r--s 00005000 08:08 7340511    /home/clovis/.m2/repository/org/grails/grails-plugin-servlets/2.3.5/grails-plugin-servlets-2.3.5.jar
6ea3f000-6ea47000 r--s 00034000 08:08 7210236    /home/clovis/.m2/repository/org/springframework/spring-tx/3.2.6.RELEASE/spring-tx-3.2.6.RELEASE.jar
6ea47000-6ea48000 r--s 00009000 08:08 7340521    /home/clovis/.m2/repository/org/grails/grails-plugin-services/2.3.5/grails-plugin-services-2.3.5.jar
6ea48000-6ea49000 r--s 00001000 08:08 7340519    /home/clovis/.m2/repository/org/slf4j/jul-to-slf4j/1.7.5/jul-to-slf4j-1.7.5.jar
6ea49000-6ea4f000 r--s 00033000 08:08 7340513    /home/clovis/.m2/repository/commons-codec/commons-codec/1.6/commons-codec-1.6.jar
6ea4f000-6ea52000 r--s 00016000 08:08 7340512    /home/clovis/.m2/repository/org/grails/grails-plugin-codecs/2.3.5/grails-plugin-codecs-2.3.5.jar
6ea52000-6ea59000 r--s 00062000 08:08 7340509    /home/clovis/.m2/repository/org/grails/grails-plugin-gsp/2.3.5/grails-plugin-gsp-2.3.5.jar
6ea59000-6ea5b000 r--s 0000b000 08:08 7340508    /home/clovis/.m2/repository/org/grails/grails-plugin-filters/2.3.5/grails-plugin-filters-2.3.5.jar
6ea5b000-6ea60000 r--s 00041000 08:08 7209784    /home/clovis/.m2/repository/commons-lang/commons-lang/2.6/commons-lang-2.6.jar
6ea60000-6ea68000 r--s 0004a000 08:08 7210235    /home/clovis/.m2/repository/org/springframework/spring-aop/3.2.6.RELEASE/spring-aop-3.2.6.RELEASE.jar
6ea68000-6ea7a000 r--s 000c3000 08:08 7210234    /home/clovis/.m2/repository/org/springframework/spring-core/3.2.6.RELEASE/spring-core-3.2.6.RELEASE.jar
6ea7a000-6ea7d000 r--s 0001f000 08:08 7210232    /home/clovis/.m2/repository/commons-validator/commons-validator/1.3.1/commons-validator-1.3.1.jar
6ea7d000-6ea82000 r--s 00015000 08:08 7210230    /home/clovis/.m2/repository/org/hibernate/javax/persistence/hibernate-jpa-2.0-api/1.0.1.Final/hibernate-jpa-2.0-api-1.0.1.Final.jar
6ea82000-6ea87000 r--s 0002c000 08:08 7210226    /home/clovis/.m2/repository/org/springframework/spring-expression/3.2.6.RELEASE/spring-expression-3.2.6.RELEASE.jar
6ea87000-6ea89000 r--s 00000000 08:08 7210225    /home/clovis/.m2/repository/aopalliance/aopalliance/1.0/aopalliance-1.0.jar
6ea89000-6ea8d000 r--s 0001c000 08:08 7210222    /home/clovis/.m2/repository/org/springframework/spring-context-support/3.2.6.RELEASE/spring-context-support-3.2.6.RELEASE.jar
6ea8d000-6eaa2000 r--s 000bf000 08:08 7210221    /home/clovis/.m2/repository/org/springframework/spring-context/3.2.6.RELEASE/spring-context-3.2.6.RELEASE.jar
6eaa2000-6eaae000 r--s 0008a000 08:08 7210220    /home/clovis/.m2/repository/org/springframework/spring-beans/3.2.6.RELEASE/spring-beans-3.2.6.RELEASE.jar
6eaae000-6eabd000 r--s 0008b000 08:08 7210216    /home/clovis/.m2/repository/org/springframework/spring-web/3.2.6.RELEASE/spring-web-3.2.6.RELEASE.jar
6eabd000-6eac1000 r--s 00019000 08:08 7210214    /home/clovis/.m2/repository/org/aspectj/aspectjrt/1.7.2/aspectjrt-1.7.2.jar
6eac1000-6eac4000 r--s 00041000 08:08 5636643    /home/clovis/.m2/repository/xalan/serializer/2.7.1/serializer-2.7.1.jar
6eac4000-6eac6000 r--s 0000e000 08:08 7210210    /home/clovis/.m2/repository/oro/oro/2.0.8/oro-2.0.8.jar
6eac6000-6eac8000 r--s 0000b000 08:08 7210208    /home/clovis/.m2/repository/org/springframework/spring-aspects/3.2.6.RELEASE/spring-aspects-3.2.6.RELEASE.jar
6eac8000-6eae0000 r--s 001a7000 08:08 7210206    /home/clovis/.m2/repository/org/aspectj/aspectjweaver/1.7.2/aspectjweaver-1.7.2.jar
6eae0000-6eaf2000 r--s 000e2000 08:08 7210205    /home/clovis/.m2/repository/org/grails/grails-core/2.3.5/grails-core-2.3.5.jar
6eaf2000-6eaf4000 r--s 00009000 08:08 7209929    /home/clovis/.m2/repository/org/grails/grails-spring/2.3.5/grails-spring-2.3.5.jar
6eaf4000-6eb00000 r--s 00090000 08:08 7340501    /home/clovis/.m2/repository/org/springframework/spring-webmvc/3.2.6.RELEASE/spring-webmvc-3.2.6.RELEASE.jar
6eb00000-6ebff000 rw-p 00000000 00:00 0 
6ebff000-6ec00000 ---p 00000000 00:00 0 
6ec00000-6ecee000 rw-p 00000000 00:00 0 
6ecee000-6ed00000 ---p 00000000 00:00 0 
6ed00000-6edfd000 rw-p 00000000 00:00 0 
6edfd000-6ee00000 ---p 00000000 00:00 0 
6ee00000-6effc000 rw-p 00000000 00:00 0 
6effc000-6f000000 ---p 00000000 00:00 0 
6f000000-6f100000 rw-p 00000000 00:00 0 
6f100000-6f103000 ---p 00000000 00:00 0 
6f103000-6f151000 rw-p 00000000 00:00 0          [stack:14523]
6f151000-6f173000 r--p 00000000 08:07 2105217    /usr/share/locale-langpack/pt_BR/LC_MESSAGES/libc.mo
6f173000-6f27d000 r-xp 00000000 08:07 1178364    /lib/i386-linux-gnu/libglib-2.0.so.0.4000.0
6f27d000-6f27e000 r--p 00109000 08:07 1178364    /lib/i386-linux-gnu/libglib-2.0.so.0.4000.0
6f27e000-6f27f000 rw-p 0010a000 08:07 1178364    /lib/i386-linux-gnu/libglib-2.0.so.0.4000.0
6f27f000-6f3fc000 r-xp 00000000 08:07 1443343    /usr/lib/i386-linux-gnu/libgio-2.0.so.0.4000.0
6f3fc000-6f3fe000 r--p 0017c000 08:07 1443343    /usr/lib/i386-linux-gnu/libgio-2.0.so.0.4000.0
6f3fe000-6f3ff000 rw-p 0017e000 08:07 1443343    /usr/lib/i386-linux-gnu/libgio-2.0.so.0.4000.0
6f3ff000-6f400000 rw-p 00000000 00:00 0 
6f400000-6f500000 rw-p 00000000 00:00 0 
6f500000-6f600000 rw-p 00000000 00:00 0 
6f600000-6f6fc000 rw-p 00000000 00:00 0 
6f6fc000-6f700000 ---p 00000000 00:00 0 
6f700000-6f703000 r--s 00009000 08:08 7340496    /home/clovis/.m2/repository/org/objenesis/objenesis/1.4/objenesis-1.4.jar
6f703000-6f706000 r--s 00019000 08:08 7210202    /home/clovis/.m2/repository/commons-el/commons-el/1.0/commons-el-1.0.jar
6f706000-6f708000 r--s 00004000 08:08 7210199    /home/clovis/.m2/repository/javax/servlet/jstl/1.1.2/jstl-1.1.2.jar
6f708000-6f70a000 r--s 00005000 08:08 7210198    /home/clovis/.m2/repository/xpp3/xpp3_min/1.1.4c/xpp3_min-1.1.4c.jar
6f70a000-6f70c000 r--s 00011000 08:08 7210194    /home/clovis/.m2/repository/org/grails/grails-databinding/2.3.5/grails-databinding-2.3.5.jar
6f70c000-6f712000 r--s 00027000 08:08 7210192    /home/clovis/.m2/repository/opensymphony/sitemesh/2.4/sitemesh-2.4.jar
6f712000-6f714000 r--s 0000d000 08:08 7210190    /home/clovis/.m2/repository/commons-fileupload/commons-fileupload/1.2.2/commons-fileupload-1.2.2.jar
6f714000-6f71d000 r--s 00058000 08:08 7210188    /home/clovis/.m2/repository/taglibs/standard/1.1.2/standard-1.1.2.jar
6f71d000-6f759000 r-xp 00000000 08:07 1178437    /lib/i386-linux-gnu/libpcre.so.3.13.1
6f759000-6f75a000 r--p 0003b000 08:07 1178437    /lib/i386-linux-gnu/libpcre.so.3.13.1
6f75a000-6f75b000 rw-p 0003c000 08:07 1178437    /lib/i386-linux-gnu/libpcre.so.3.13.1
6f75b000-6f7ab000 r-xp 00000000 08:07 1443383    /usr/lib/i386-linux-gnu/libgobject-2.0.so.0.4000.0
6f7ab000-6f7ac000 r--p 0004f000 08:07 1443383    /usr/lib/i386-linux-gnu/libgobject-2.0.so.0.4000.0
6f7ac000-6f7ad000 rw-p 00050000 08:07 1443383    /usr/lib/i386-linux-gnu/libgobject-2.0.so.0.4000.0
6f7ad000-6f7ae000 ---p 00000000 00:00 0 
6f7ae000-6f82e000 rw-p 00000000 00:00 0          [stack:14517]
6f82e000-6f831000 ---p 00000000 00:00 0 
6f831000-6f87f000 rw-p 00000000 00:00 0          [stack:14516]
6f87f000-6f882000 ---p 00000000 00:00 0 
6f882000-6f900000 rw-p 00000000 00:00 0          [stack:14515]
6f900000-6f9fa000 rw-p 00000000 00:00 0 
6f9fa000-6fa00000 ---p 00000000 00:00 0 
6fa00000-6fa01000 r--s 00000000 08:08 7340515    /home/clovis/.m2/repository/org/grails/grails-logging/2.3.5/grails-logging-2.3.5.jar
6fa01000-6fa12000 r--s 000ea000 08:08 7209931    /home/clovis/.m2/repository/org/grails/grails-web/2.3.5/grails-web-2.3.5.jar
6fa12000-6fa17000 r--s 0002a000 08:08 7340497    /home/clovis/.m2/repository/com/google/code/gson/gson/2.2.4/gson-2.2.4.jar
6fa17000-6fa1c000 r--s 00034000 08:08 7340492    /home/clovis/.m2/repository/commons-beanutils/commons-beanutils/1.8.3/commons-beanutils-1.8.3.jar
6fa1c000-6fa1f000 ---p 00000000 00:00 0 
6fa1f000-6fa9d000 rw-p 00000000 00:00 0          [stack:14514]
6fa9d000-6fb00000 r--s 005b3000 08:08 7209751    /home/clovis/.m2/repository/org/codehaus/groovy/groovy-all/2.1.9/groovy-all-2.1.9.jar
6fb00000-6fd00000 r--p 00000000 08:07 1444566    /usr/lib/locale/locale-archive
6fd00000-6fd2d000 rw-p 00000000 00:00 0 
6fd2d000-6fe00000 ---p 00000000 00:00 0 
6fe00000-6fe02000 r--s 00008000 08:08 7340484    /home/clovis/.m2/repository/org/grails/grails-plugin-validation/2.3.5/grails-plugin-validation-2.3.5.jar
6fe02000-6fe10000 r--s 0007f000 08:08 7210186    /home/clovis/.m2/repository/commons-collections/commons-collections/3.2.1/commons-collections-3.2.1.jar
6fe10000-6fe13000 r--s 00028000 08:08 7209936    /home/clovis/.m2/repository/org/grails/grails-plugin-controllers/2.3.5/grails-plugin-controllers-2.3.5.jar
6fe13000-6fe16000 ---p 00000000 00:00 0 
6fe16000-6fe2c000 rw-p 00000000 00:00 0 
6fe2c000-6fe3f000 r-xp 00000000 08:07 1178460    /lib/i386-linux-gnu/libresolv-2.19.so
6fe3f000-6fe40000 ---p 00013000 08:07 1178460    /lib/i386-linux-gnu/libresolv-2.19.so
6fe40000-6fe41000 r--p 00013000 08:07 1178460    /lib/i386-linux-gnu/libresolv-2.19.so
6fe41000-6fe42000 rw-p 00014000 08:07 1178460    /lib/i386-linux-gnu/libresolv-2.19.so
6fe42000-6fe44000 rw-p 00000000 00:00 0 
6fe44000-6feaf000 r--s 0069c000 08:07 1585177    /usr/lib/jvm/java-7-openjdk-i386/lib/tools.jar
6feaf000-6feb2000 ---p 00000000 00:00 0 
6feb2000-6ff00000 rw-p 00000000 00:00 0          [stack:14513]
6ff00000-6fff9000 rw-p 00000000 00:00 0 
6fff9000-70000000 ---p 00000000 00:00 0 
70000000-70001000 r--s 00005000 08:08 7340505    /home/clovis/.m2/repository/org/grails/grails-plugin-i18n/2.3.5/grails-plugin-i18n-2.3.5.jar
70001000-7000b000 r--s 0005a000 08:08 7209928    /home/clovis/.m2/repository/org/springframework/spring-jdbc/3.2.6.RELEASE/spring-jdbc-3.2.6.RELEASE.jar
7000b000-7002b000 r-xp 00000000 08:07 1177359    /lib/i386-linux-gnu/libselinux.so.1
7002b000-7002c000 r--p 0001f000 08:07 1177359    /lib/i386-linux-gnu/libselinux.so.1
7002c000-7002d000 rw-p 00020000 08:07 1177359    /lib/i386-linux-gnu/libselinux.so.1
7002d000-7002e000 rw-p 00000000 00:00 0 
7002e000-70031000 ---p 00000000 00:00 0 
70031000-7007f000 rw-p 00000000 00:00 0          [stack:14512]
7007f000-70080000 ---p 00000000 00:00 0 
70080000-70100000 rw-p 00000000 00:00 0          [stack:14510]
70100000-70200000 rw-p 00000000 00:00 0 
70200000-70203000 ---p 00000000 00:00 0 
70203000-70251000 rw-p 00000000 00:00 0          [stack:14511]
70251000-70400000 r--s 01cfb000 08:07 1571431    /usr/lib/jvm/java-7-openjdk-i386/jre/lib/rt.jar
70400000-72800000 rw-p 00000000 00:00 0 
72800000-728f8000 rw-p 00000000 00:00 0 
728f8000-72900000 ---p 00000000 00:00 0 
72900000-72901000 r--s 0000a000 08:08 7210213    /home/clovis/.m2/repository/asm/asm/3.3.1/asm-3.3.1.jar
72901000-72903000 r--s 0001d000 08:08 7209932    /home/clovis/.m2/repository/org/apache/tomcat/tomcat-jdbc/7.0.47/tomcat-jdbc-7.0.47.jar
72903000-7290a000 r--s 00000000 08:07 1570316    /usr/lib/i386-linux-gnu/gconv/gconv-modules.cache
7290a000-7291b000 r-xp 00000000 08:07 1571460    /usr/lib/jvm/java-7-openjdk-i386/jre/lib/i386/libnio.so
7291b000-7291c000 r--p 00010000 08:07 1571460    /usr/lib/jvm/java-7-openjdk-i386/jre/lib/i386/libnio.so
7291c000-7291d000 rw-p 00011000 08:07 1571460    /usr/lib/jvm/java-7-openjdk-i386/jre/lib/i386/libnio.so
7291d000-72934000 r-xp 00000000 08:07 1571461    /usr/lib/jvm/java-7-openjdk-i386/jre/lib/i386/libnet.so
72934000-72935000 r--p 00016000 08:07 1571461    /usr/lib/jvm/java-7-openjdk-i386/jre/lib/i386/libnet.so
72935000-72936000 rw-p 00017000 08:07 1571461    /usr/lib/jvm/java-7-openjdk-i386/jre/lib/i386/libnet.so
72936000-7297f000 rw-p 00000000 00:00 0 
7297f000-72980000 ---p 00000000 00:00 0 
72980000-72a00000 rw-p 00000000 00:00 0          [stack:14507]
72a00000-72a21000 rw-p 00000000 00:00 0 
72a21000-72b00000 ---p 00000000 00:00 0 
72b00000-72b25000 rw-p 00000000 00:00 0 
72b25000-72c00000 ---p 00000000 00:00 0 
72c00000-72c03000 r--s 00035000 08:08 7209924    /home/clovis/.m2/repository/org/grails/grails-plugin-rest/2.3.5/grails-plugin-rest-2.3.5.jar
72c03000-72c08000 r--s 0004c000 08:07 1571432    /usr/lib/jvm/java-7-openjdk-i386/jre/lib/jsse.jar
72c08000-72c0d000 r-xp 00000000 08:07 1443223    /usr/lib/i386-linux-gnu/libffi.so.6.0.1
72c0d000-72c0e000 r--p 00005000 08:07 1443223    /usr/lib/i386-linux-gnu/libffi.so.6.0.1
72c0e000-72c0f000 rw-p 00006000 08:07 1443223    /usr/lib/i386-linux-gnu/libffi.so.6.0.1
72c0f000-72c24000 r--s 00116000 08:08 7209758    /home/clovis/.m2/repository/org/apache/ivy/ivy/2.3.0/ivy-2.3.0.jar
72c24000-72c7f000 rw-p 00000000 00:00 0 
72c7f000-72c80000 ---p 00000000 00:00 0 
72c80000-72d00000 rw-p 00000000 00:00 0          [stack:14506]
72d00000-72d25000 rw-p 00000000 00:00 0 
72d25000-72e00000 ---p 00000000 00:00 0 
72e00000-72e02000 r--s 0000c000 08:08 7209926    /home/clovis/.m2/repository/org/grails/grails-plugin-datasource/2.3.5/grails-plugin-datasource-2.3.5.jar
72e02000-72e03000 r-xp 00000000 08:06 222        /tmp/libjansi-32-2055529802999202999.so
72e03000-72e04000 rw-p 00000000 08:06 222        /tmp/libjansi-32-2055529802999202999.so
72e04000-72e07000 r-xp 00000000 08:07 1443359    /usr/lib/i386-linux-gnu/libgmodule-2.0.so.0.4000.0
72e07000-72e08000 r--p 00002000 08:07 1443359    /usr/lib/i386-linux-gnu/libgmodule-2.0.so.0.4000.0
72e08000-72e09000 rw-p 00003000 08:07 1443359    /usr/lib/i386-linux-gnu/libgmodule-2.0.so.0.4000.0
72e09000-72e0f000 r--s 00057000 08:07 2369859    /opt/grails/grails-2.3.5/lib/org.springsource.springloaded/springloaded-core/jars/springloaded-core-1.1.4.jar
72e0f000-72e11000 r--s 0001a000 08:08 7209760    /home/clovis/.m2/repository/org/fusesource/jansi/jansi/1.11/jansi-1.11.jar
72e11000-72e14000 r--s 00018000 08:08 7209753    /home/clovis/.m2/repository/org/apache/ant/ant-junit/1.8.4/ant-junit-1.8.4.jar
72e14000-72e32000 r--s 001bd000 08:08 7209742    /home/clovis/.m2/repository/org/apache/ant/ant/1.8.4/ant-1.8.4.jar
72e32000-72e3d000 r--s 000c5000 08:08 7209738    /home/clovis/.m2/repository/org/grails/grails-bootstrap/2.3.5/grails-bootstrap-2.3.5.jar
72e3d000-72e3e000 ---p 00000000 00:00 0 
72e3e000-72ebe000 rw-p 00000000 00:00 0          [stack:14505]
72ebe000-72ebf000 ---p 00000000 00:00 0 
72ebf000-72f57000 rw-p 00000000 00:00 0          [stack:14504]
72f57000-72fbf000 rw-p 00000000 00:00 0 
72fbf000-72ff2000 rw-p 00000000 00:00 0 
72ff2000-73036000 ---p 00000000 00:00 0 
73036000-730bf000 rw-p 00000000 00:00 0 
730bf000-730d7000 rw-p 00000000 00:00 0 
730d7000-7313f000 rw-p 00000000 00:00 0 
7313f000-73172000 rw-p 00000000 00:00 0 
73172000-731b6000 ---p 00000000 00:00 0 
731b6000-7323f000 rw-p 00000000 00:00 0 
7323f000-732be000 rw-p 00000000 00:00 0 
732be000-732bf000 ---p 00000000 00:00 0 
732bf000-76200000 rw-p 00000000 00:00 0 
76200000-832c0000 rw-p 00000000 00:00 0 
832c0000-897c0000 rw-p 00000000 00:00 0 
8e2c0000-92080000 ---p 00000000 00:00 0 
92080000-a32c0000 rw-p 00000000 00:00 0 
a32c0000-b3000000 rw-p 00000000 00:00 0 
b3000000-b32c0000 ---p 00000000 00:00 0 
b32c0000-b32c1000 r--s 00005000 08:08 7340503    /home/clovis/.m2/repository/org/grails/grails-plugin-databinding/2.3.5/grails-plugin-databinding-2.3.5.jar
b32c1000-b32c2000 r--s 00001000 08:08 7209748    /home/clovis/.m2/repository/org/apache/ant/ant-trax/1.7.1/ant-trax-1.7.1.jar
b32c2000-b32c5000 r--s 00030000 08:08 7209745    /home/clovis/.m2/repository/jline/jline/2.11/jline-2.11.jar
b32c5000-b32c7000 r--s 00005000 08:08 7209740    /home/clovis/.m2/repository/org/slf4j/slf4j-api/1.7.5/slf4j-api-1.7.5.jar
b32c7000-b32d0000 r--s 0006f000 08:08 7340541    /home/clovis/.m2/repository/log4j/log4j/1.2.17/log4j-1.2.17.jar
b32d0000-b32d2000 r--s 0000e000 08:08 7340518    /home/clovis/.m2/repository/org/grails/grails-plugin-log4j/2.3.5/grails-plugin-log4j-2.3.5.jar
b32d2000-b32d4000 r--s 00013000 08:08 7209930    /home/clovis/.m2/repository/org/apache/tomcat/embed/tomcat-embed-logging-log4j/7.0.47/tomcat-embed-logging-log4j-7.0.47.jar
b32d4000-b32d9000 r--s 00050000 08:07 1452763    /opt/grails/grails-2.3.5/lib/org.codehaus.gant/gant_groovy1.8/jars/gant_groovy1.8-1.9.6.jar
b32d9000-b32db000 r--s 00003000 08:08 7209737    /home/clovis/.m2/repository/org/slf4j/jcl-over-slf4j/1.7.5/jcl-over-slf4j-1.7.5.jar
b32db000-b32dd000 r--s 00006000 08:07 1967475    /usr/share/java/java-atk-wrapper.jar
b32dd000-b32df000 r--s 00012000 08:07 1571429    /usr/lib/jvm/java-7-openjdk-i386/jre/lib/ext/zipfs.jar
b32df000-b330f000 rw-p 00000000 00:00 0 
b330f000-b33b7000 rw-p 00000000 00:00 0 
b33b7000-b39af000 rwxp 00000000 00:00 0 
b39af000-b63b7000 rw-p 00000000 00:00 0 
b63b7000-b63c2000 r-xp 00000000 08:07 1178409    /lib/i386-linux-gnu/libnss_files-2.19.so
b63c2000-b63c3000 r--p 0000a000 08:07 1178409    /lib/i386-linux-gnu/libnss_files-2.19.so
b63c3000-b63c4000 rw-p 0000b000 08:07 1178409    /lib/i386-linux-gnu/libnss_files-2.19.so
b63c4000-b63ce000 r-xp 00000000 08:07 1178419    /lib/i386-linux-gnu/libnss_nis-2.19.so
b63ce000-b63cf000 r--p 00009000 08:07 1178419    /lib/i386-linux-gnu/libnss_nis-2.19.so
b63cf000-b63d0000 rw-p 0000a000 08:07 1178419    /lib/i386-linux-gnu/libnss_nis-2.19.so
b63d0000-b63e5000 r-xp 00000000 08:07 1178403    /lib/i386-linux-gnu/libnsl-2.19.so
b63e5000-b63e6000 r--p 00015000 08:07 1178403    /lib/i386-linux-gnu/libnsl-2.19.so
b63e6000-b63e7000 rw-p 00016000 08:07 1178403    /lib/i386-linux-gnu/libnsl-2.19.so
b63e7000-b63e9000 rw-p 00000000 00:00 0 
b63e9000-b63ea000 r--s 00004000 08:08 7209746    /home/clovis/.m2/repository/org/apache/ant/ant-launcher/1.8.4/ant-launcher-1.8.4.jar
b63ea000-b63ee000 r--s 0003b000 08:07 1571426    /usr/lib/jvm/java-7-openjdk-i386/jre/lib/ext/sunpkcs11.jar
b63ee000-b63f6000 r-xp 00000000 08:07 1571611    /usr/lib/jvm/java-7-openjdk-i386/jre/lib/i386/libzip.so
b63f6000-b63f7000 r--p 00007000 08:07 1571611    /usr/lib/jvm/java-7-openjdk-i386/jre/lib/i386/libzip.so
b63f7000-b63f8000 rw-p 00008000 08:07 1571611    /usr/lib/jvm/java-7-openjdk-i386/jre/lib/i386/libzip.so
b63f8000-b6400000 rw-s 00000000 08:06 221        /tmp/hsperfdata_clovis/14502
b6400000-b64f9000 rw-p 00000000 00:00 0 
b64f9000-b6500000 ---p 00000000 00:00 0 
b6500000-b6503000 r--s 00032000 08:07 1571424    /usr/lib/jvm/java-7-openjdk-i386/jre/lib/ext/sunjce_provider.jar
b6503000-b6507000 r--s 00085000 08:07 1571428    /usr/lib/jvm/java-7-openjdk-i386/jre/lib/ext/localedata.jar
b6507000-b650e000 r-xp 00000000 08:07 1178405    /lib/i386-linux-gnu/libnss_compat-2.19.so
b650e000-b650f000 r--p 00006000 08:07 1178405    /lib/i386-linux-gnu/libnss_compat-2.19.so
b650f000-b6510000 rw-p 00007000 08:07 1178405    /lib/i386-linux-gnu/libnss_compat-2.19.so
b6510000-b651b000 r-xp 00000000 08:07 1571454    /usr/lib/jvm/java-7-openjdk-i386/jre/lib/i386/libinstrument.so
b651b000-b651c000 r--p 0000a000 08:07 1571454    /usr/lib/jvm/java-7-openjdk-i386/jre/lib/i386/libinstrument.so
b651c000-b651d000 rw-p 0000b000 08:07 1571454    /usr/lib/jvm/java-7-openjdk-i386/jre/lib/i386/libinstrument.so
b651d000-b6544000 r-xp 00000000 08:07 1571452    /usr/lib/jvm/java-7-openjdk-i386/jre/lib/i386/libjava.so
b6544000-b6545000 r--p 00026000 08:07 1571452    /usr/lib/jvm/java-7-openjdk-i386/jre/lib/i386/libjava.so
b6545000-b6546000 rw-p 00027000 08:07 1571452    /usr/lib/jvm/java-7-openjdk-i386/jre/lib/i386/libjava.so
b6546000-b654d000 r-xp 00000000 08:07 1178462    /lib/i386-linux-gnu/librt-2.19.so
b654d000-b654e000 r--p 00006000 08:07 1178462    /lib/i386-linux-gnu/librt-2.19.so
b654e000-b654f000 rw-p 00007000 08:07 1178462    /lib/i386-linux-gnu/librt-2.19.so
b654f000-b6552000 ---p 00000000 00:00 0 
b6552000-b65a0000 rw-p 00000000 00:00 0          [stack:14503]
b65a0000-b65bc000 r-xp 00000000 08:07 1178360    /lib/i386-linux-gnu/libgcc_s.so.1
b65bc000-b65bd000 rw-p 0001b000 08:07 1178360    /lib/i386-linux-gnu/libgcc_s.so.1
b65bd000-b6601000 r-xp 00000000 08:07 1178384    /lib/i386-linux-gnu/libm-2.19.so
b6601000-b6602000 r--p 00043000 08:07 1178384    /lib/i386-linux-gnu/libm-2.19.so
b6602000-b6603000 rw-p 00044000 08:07 1178384    /lib/i386-linux-gnu/libm-2.19.so
b6603000-b66df000 r-xp 00000000 08:07 1443936    /usr/lib/i386-linux-gnu/libstdc++.so.6.0.19
b66df000-b66e0000 ---p 000dc000 08:07 1443936    /usr/lib/i386-linux-gnu/libstdc++.so.6.0.19
b66e0000-b66e4000 r--p 000dc000 08:07 1443936    /usr/lib/i386-linux-gnu/libstdc++.so.6.0.19
b66e4000-b66e5000 rw-p 000e0000 08:07 1443936    /usr/lib/i386-linux-gnu/libstdc++.so.6.0.19
b66e5000-b66ec000 rw-p 00000000 00:00 0 
b66ec000-b70b8000 r-xp 00000000 08:07 1571447    /usr/lib/jvm/java-7-openjdk-i386/jre/lib/i386/server/libjvm.so
b70b8000-b70b9000 ---p 009cc000 08:07 1571447    /usr/lib/jvm/java-7-openjdk-i386/jre/lib/i386/server/libjvm.so
b70b9000-b710a000 r--p 009cc000 08:07 1571447    /usr/lib/jvm/java-7-openjdk-i386/jre/lib/i386/server/libjvm.so
b710a000-b711e000 rw-p 00a1d000 08:07 1571447    /usr/lib/jvm/java-7-openjdk-i386/jre/lib/i386/server/libjvm.so
b711e000-b753c000 rw-p 00000000 00:00 0 
b753c000-b7554000 r-xp 00000000 08:07 1178497    /lib/i386-linux-gnu/libz.so.1.2.8
b7554000-b7555000 r--p 00017000 08:07 1178497    /lib/i386-linux-gnu/libz.so.1.2.8
b7555000-b7556000 rw-p 00018000 08:07 1178497    /lib/i386-linux-gnu/libz.so.1.2.8
b7556000-b756e000 r-xp 00000000 08:07 1178454    /lib/i386-linux-gnu/libpthread-2.19.so
b756e000-b756f000 r--p 00017000 08:07 1178454    /lib/i386-linux-gnu/libpthread-2.19.so
b756f000-b7570000 rw-p 00018000 08:07 1178454    /lib/i386-linux-gnu/libpthread-2.19.so
b7570000-b7572000 rw-p 00000000 00:00 0 
b7572000-b7575000 r-xp 00000000 08:07 1178350    /lib/i386-linux-gnu/libdl-2.19.so
b7575000-b7576000 r--p 00002000 08:07 1178350    /lib/i386-linux-gnu/libdl-2.19.so
b7576000-b7577000 rw-p 00003000 08:07 1178350    /lib/i386-linux-gnu/libdl-2.19.so
b7577000-b7720000 r-xp 00000000 08:07 1178333    /lib/i386-linux-gnu/libc-2.19.so
b7720000-b7722000 r--p 001a9000 08:07 1178333    /lib/i386-linux-gnu/libc-2.19.so
b7722000-b7723000 rw-p 001ab000 08:07 1178333    /lib/i386-linux-gnu/libc-2.19.so
b7723000-b7726000 rw-p 00000000 00:00 0 
b7726000-b7727000 r--s 00002000 08:07 1571423    /usr/lib/jvm/java-7-openjdk-i386/jre/lib/ext/dnsns.jar
b7727000-b772a000 r--s 0000f000 08:07 1571425    /usr/lib/jvm/java-7-openjdk-i386/jre/lib/ext/pulse-java.jar
b772a000-b772b000 r--p 002c9000 08:07 1444566    /usr/lib/locale/locale-archive
b772b000-b772c000 rw-p 00000000 00:00 0 
b772c000-b772d000 ---p 00000000 00:00 0 
b772d000-b773b000 r-xp 00000000 08:07 1571463    /usr/lib/jvm/java-7-openjdk-i386/jre/lib/i386/libverify.so
b773b000-b773c000 r--p 0000d000 08:07 1571463    /usr/lib/jvm/java-7-openjdk-i386/jre/lib/i386/libverify.so
b773c000-b773d000 rw-p 0000e000 08:07 1571463    /usr/lib/jvm/java-7-openjdk-i386/jre/lib/i386/libverify.so
b773d000-b7749000 r-xp 00000000 08:07 1571453    /usr/lib/jvm/java-7-openjdk-i386/jre/lib/i386/jli/libjli.so
b7749000-b774a000 r--p 0000c000 08:07 1571453    /usr/lib/jvm/java-7-openjdk-i386/jre/lib/i386/jli/libjli.so
b774a000-b774b000 rw-p 0000d000 08:07 1571453    /usr/lib/jvm/java-7-openjdk-i386/jre/lib/i386/jli/libjli.so
b774b000-b774e000 rw-p 00000000 00:00 0 
b774e000-b774f000 r-xp 00000000 00:00 0          [vdso]
b774f000-b776f000 r-xp 00000000 08:07 1178309    /lib/i386-linux-gnu/ld-2.19.so
b776f000-b7770000 r--p 0001f000 08:07 1178309    /lib/i386-linux-gnu/ld-2.19.so
b7770000-b7771000 rw-p 00020000 08:07 1178309    /lib/i386-linux-gnu/ld-2.19.so
bfce9000-bfd0a000 rw-p 00000000 00:00 0          [stack]

VM Arguments:
jvm_args: -Dfile.encoding=UTF-8 -Xmx768M -Xms64M -XX:MaxPermSize=256m -Dgrails.fork.active=true -Dgrails.build.execution.context=/tmp/fuzzy-adventure8945362928909359301grails-execution-context -Dgrails.home=/opt/grails/grails-2.3.5 -javaagent:/opt/grails/grails-2.3.5/lib/org.springsource.springloaded/springloaded-core/jars/springloaded-core-1.1.4.jar -Xverify:none -Dspringloaded.synchronize=true -Djdk.reflect.allowGetCallerClass=true -Dspringloaded=profile=grails;cacheDir=/home/clovis/.grails/2.3.5 
java_command: grails.ui.console.GrailsSwingConsole
Launcher Type: SUN_STANDARD

Environment Variables:
JAVA_HOME=/usr/lib/jvm/java-7-openjdk-i386
PATH=/usr/local/sbin:/usr/local/bin:/usr/sbin:/usr/bin:/sbin:/bin:/usr/games:/usr/local/games
USERNAME=clovis
LD_LIBRARY_PATH=/usr/lib/jvm/java-7-openjdk-i386/jre/lib/i386/server:/usr/lib/jvm/java-7-openjdk-i386/jre/lib/i386:/usr/lib/jvm/java-7-openjdk-i386/jre/../lib/i386:/usr/lib/jvm/java-7-openjdk-i386/jre/lib/i386/client:/usr/lib/jvm/java-7-openjdk-i386/jre/lib/i386:
SHELL=/bin/bash
DISPLAY=:0

Signal Handlers:
SIGSEGV: [libjvm.so+0x7eebf0], sa_mask[0]=0x7ffbfeff, sa_flags=0x10000004
SIGBUS: [libjvm.so+0x7eebf0], sa_mask[0]=0x7ffbfeff, sa_flags=0x10000004
SIGFPE: [libjvm.so+0x66c6a0], sa_mask[0]=0x7ffbfeff, sa_flags=0x10000004
SIGPIPE: [libjvm.so+0x66c6a0], sa_mask[0]=0x7ffbfeff, sa_flags=0x10000004
SIGXFSZ: [libjvm.so+0x66c6a0], sa_mask[0]=0x7ffbfeff, sa_flags=0x10000004
SIGILL: [libjvm.so+0x66c6a0], sa_mask[0]=0x7ffbfeff, sa_flags=0x10000004
SIGUSR1: SIG_DFL, sa_mask[0]=0x00000000, sa_flags=0x00000000
SIGUSR2: [libjvm.so+0x66c530], sa_mask[0]=0x00000004, sa_flags=0x10000004
SIGHUP: [libjvm.so+0x66c760], sa_mask[0]=0x7ffbfeff, sa_flags=0x10000004
SIGINT: [libjvm.so+0x66c760], sa_mask[0]=0x7ffbfeff, sa_flags=0x10000004
SIGTERM: [libjvm.so+0x66c760], sa_mask[0]=0x7ffbfeff, sa_flags=0x10000004
SIGQUIT: [libjvm.so+0x66c760], sa_mask[0]=0x7ffbfeff, sa_flags=0x10000004


---------------  S Y S T E M  ---------------

OS:LinuxMint 17 (qiana)
uname:Linux 3.13.0-24-generic #47-Ubuntu SMP Fri May 2 23:31:42 UTC 2014 i686
libc:glibc 2.19 NPTL 2.19 
rlimit: STACK 8192k, CORE 0k, NPROC 47542, NOFILE 4096, AS infinity
load average:12,35 10,00 5,05

/proc/meminfo:
MemTotal:        6113256 kB
MemFree:          322308 kB
Buffers:           11772 kB
Cached:           345388 kB
SwapCached:            0 kB
Active:          5305932 kB
Inactive:         306348 kB
Active(anon):    5257460 kB
Inactive(anon):   276432 kB
Active(file):      48472 kB
Inactive(file):    29916 kB
Unevictable:          96 kB
Mlocked:              96 kB
HighTotal:       5289924 kB
HighFree:          61512 kB
LowTotal:         823332 kB
LowFree:          260796 kB
SwapTotal:             0 kB
SwapFree:              0 kB
Dirty:               228 kB
Writeback:             0 kB
AnonPages:       5255292 kB
Mapped:           177996 kB
Shmem:            278692 kB
Slab:              62432 kB
SReclaimable:      35908 kB
SUnreclaim:        26524 kB
KernelStack:        6512 kB
PageTables:        25508 kB
NFS_Unstable:          0 kB
Bounce:                0 kB
WritebackTmp:          0 kB
CommitLimit:     3056628 kB
Committed_AS:    9118548 kB
VmallocTotal:     122880 kB
VmallocUsed:       33988 kB
VmallocChunk:      46644 kB
HardwareCorrupted:     0 kB
AnonHugePages:   3166208 kB
HugePages_Total:       0
HugePages_Free:        0
HugePages_Rsvd:        0
HugePages_Surp:        0
Hugepagesize:       2048 kB
DirectMap4k:       34808 kB
DirectMap2M:      878592 kB


CPU:total 4 (2 cores per cpu, 2 threads per core) family 6 model 42 stepping 7, cmov, cx8, fxsr, mmx, sse, sse2, sse3, ssse3, sse4.1, sse4.2, popcnt, avx, aes, ht, tsc, tscinvbit

/proc/cpuinfo:
processor	: 0
vendor_id	: GenuineIntel
cpu family	: 6
model		: 42
model name	: Intel(R) Core(TM) i5-2450M CPU @ 2.50GHz
stepping	: 7
microcode	: 0x28
cpu MHz		: 800.000
cache size	: 3072 KB
physical id	: 0
siblings	: 4
core id		: 0
cpu cores	: 2
apicid		: 0
initial apicid	: 0
fdiv_bug	: no
f00f_bug	: no
coma_bug	: no
fpu		: yes
fpu_exception	: yes
cpuid level	: 13
wp		: yes
flags		: fpu vme de pse tsc msr pae mce cx8 apic sep mtrr pge mca cmov pat pse36 clflush dts acpi mmx fxsr sse sse2 ss ht tm pbe nx rdtscp lm constant_tsc arch_perfmon pebs bts xtopology nonstop_tsc aperfmperf eagerfpu pni pclmulqdq dtes64 monitor ds_cpl vmx est tm2 ssse3 cx16 xtpr pdcm pcid sse4_1 sse4_2 x2apic popcnt tsc_deadline_timer aes xsave avx lahf_lm ida arat epb xsaveopt pln pts dtherm tpr_shadow vnmi flexpriority ept vpid
bogomips	: 4988.38
clflush size	: 64
cache_alignment	: 64
address sizes	: 36 bits physical, 48 bits virtual
power management:

processor	: 1
vendor_id	: GenuineIntel
cpu family	: 6
model		: 42
model name	: Intel(R) Core(TM) i5-2450M CPU @ 2.50GHz
stepping	: 7
microcode	: 0x28
cpu MHz		: 800.000
cache size	: 3072 KB
physical id	: 0
siblings	: 4
core id		: 0
cpu cores	: 2
apicid		: 1
initial apicid	: 1
fdiv_bug	: no
f00f_bug	: no
coma_bug	: no
fpu		: yes
fpu_exception	: yes
cpuid level	: 13
wp		: yes
flags		: fpu vme de pse tsc msr pae mce cx8 apic sep mtrr pge mca cmov pat pse36 clflush dts acpi mmx fxsr sse sse2 ss ht tm pbe nx rdtscp lm constant_tsc arch_perfmon pebs bts xtopology nonstop_tsc aperfmperf eagerfpu pni pclmulqdq dtes64 monitor ds_cpl vmx est tm2 ssse3 cx16 xtpr pdcm pcid sse4_1 sse4_2 x2apic popcnt tsc_deadline_timer aes xsave avx lahf_lm ida arat epb xsaveopt pln pts dtherm tpr_shadow vnmi flexpriority ept vpid
bogomips	: 4988.38
clflush size	: 64
cache_alignment	: 64
address sizes	: 36 bits physical, 48 bits virtual
power management:

processor	: 2
vendor_id	: GenuineIntel
cpu family	: 6
model		: 42
model name	: Intel(R) Core(TM) i5-2450M CPU @ 2.50GHz
stepping	: 7
microcode	: 0x28
cpu MHz		: 2500.000
cache size	: 3072 KB
physical id	: 0
siblings	: 4
core id		: 1
cpu cores	: 2
apicid		: 2
initial apicid	: 2
fdiv_bug	: no
f00f_bug	: no
coma_bug	: no
fpu		: yes
fpu_exception	: yes
cpuid level	: 13
wp		: yes
flags		: fpu vme de pse tsc msr pae mce cx8 apic sep mtrr pge mca cmov pat pse36 clflush dts acpi mmx fxsr sse sse2 ss ht tm pbe nx rdtscp lm constant_tsc arch_perfmon pebs bts xtopology nonstop_tsc aperfmperf eagerfpu pni pclmulqdq dtes64 monitor ds_cpl vmx est tm2 ssse3 cx16 xtpr pdcm pcid sse4_1 sse4_2 x2apic popcnt tsc_deadline_timer aes xsave avx lahf_lm ida arat epb xsaveopt pln pts dtherm tpr_shadow vnmi flexpriority ept vpid
bogomips	: 4988.38
clflush size	: 64
cache_alignment	: 64
address sizes	: 36 bits physical, 48 bits virtual
power management:

processor	: 3
vendor_id	: GenuineIntel
cpu family	: 6
model		: 42
model name	: Intel(R) Core(TM) i5-2450M CPU @ 2.50GHz
stepping	: 7
microcode	: 0x28
cpu MHz		: 800.000
cache size	: 3072 KB
physical id	: 0
siblings	: 4
core id		: 1
cpu cores	: 2
apicid		: 3
initial apicid	: 3
fdiv_bug	: no
f00f_bug	: no
coma_bug	: no
fpu		: yes
fpu_exception	: yes
cpuid level	: 13
wp		: yes
flags		: fpu vme de pse tsc msr pae mce cx8 apic sep mtrr pge mca cmov pat pse36 clflush dts acpi mmx fxsr sse sse2 ss ht tm pbe nx rdtscp lm constant_tsc arch_perfmon pebs bts xtopology nonstop_tsc aperfmperf eagerfpu pni pclmulqdq dtes64 monitor ds_cpl vmx est tm2 ssse3 cx16 xtpr pdcm pcid sse4_1 sse4_2 x2apic popcnt tsc_deadline_timer aes xsave avx lahf_lm ida arat epb xsaveopt pln pts dtherm tpr_shadow vnmi flexpriority ept vpid
bogomips	: 4988.38
clflush size	: 64
cache_alignment	: 64
address sizes	: 36 bits physical, 48 bits virtual
power management:



Memory: 4k page, physical 6113256k(322308k free), swap 0k(0k free)

vm_info: OpenJDK Server VM (24.51-b03) for linux-x86 JRE (1.7.0_55-b14), built on Apr 17 2014 20:10:15 by "buildd" with gcc 4.8.2

time: Sat Jun 28 16:24:25 2014
elapsed time: 215 seconds

